<?xml version="1.0" encoding="UTF-8"?>
<testng-results ignored="0" total="1" passed="1" failed="0" skipped="0">
  <reporter-output>
  </reporter-output>
  <suite started-at="2023-02-21T15:58:59 EST" name="netBanking Suite" finished-at="2023-02-21T15:59:06 EST" duration-ms="7311">
    <groups>
    </groups>
    <test started-at="2023-02-21T15:58:59 EST" name="Login Test2" finished-at="2023-02-21T15:59:06 EST" duration-ms="7311">
      <class name="com.netbanktest.testcases.TC1_Loginpage_Test">
        <test-method is-config="true" signature="setup(java.lang.String)[pri:0, instance:com.netbanktest.testcases.TC1_Loginpage_Test@4facf68f]" started-at="2023-02-21T15:58:59 EST" name="setup" finished-at="2023-02-21T15:59:03 EST" duration-ms="3874" status="PASS">
          <params>
            <param index="0">
              <value>
                <![CDATA[Chrome]]>
              </value>
            </param>
          </params>
          <reporter-output>
          </reporter-output>
        </test-method> <!-- setup -->
        <test-method signature="loginTest()[pri:0, instance:com.netbanktest.testcases.TC1_Loginpage_Test@4facf68f]" started-at="2023-02-21T15:59:03 EST" name="loginTest" finished-at="2023-02-21T15:59:05 EST" duration-ms="2319" status="PASS">
          <reporter-output>
          </reporter-output>
        </test-method> <!-- loginTest -->
        <test-method is-config="true" signature="teardown()[pri:0, instance:com.netbanktest.testcases.TC1_Loginpage_Test@4facf68f]" started-at="2023-02-21T15:59:06 EST" name="teardown" finished-at="2023-02-21T15:59:06 EST" duration-ms="410" status="PASS">
          <reporter-output>
          </reporter-output>
        </test-method> <!-- teardown -->
      </class> <!-- com.netbanktest.testcases.TC1_Loginpage_Test -->
    </test> <!-- Login Test2 -->
  </suite> <!-- netBanking Suite -->
</testng-results>
