<?xml version="1.0" encoding="UTF-8"?>
<testng-results ignored="0" total="1" passed="1" failed="0" skipped="0">
  <reporter-output>
  </reporter-output>
  <suite started-at="2023-02-22T14:20:44 EST" name="netBanking Suite" finished-at="2023-02-22T14:21:32 EST" duration-ms="48211">
    <groups>
    </groups>
    <test started-at="2023-02-22T14:20:44 EST" name="Login Test2" finished-at="2023-02-22T14:21:32 EST" duration-ms="48211">
      <class name="com.netbanktest.testcases.TC1_Loginpage_Test">
        <test-method is-config="true" signature="setup(java.lang.String)[pri:0, instance:com.netbanktest.testcases.TC1_Loginpage_Test@6253c26]" started-at="2023-02-22T14:20:47 EST" name="setup" finished-at="2023-02-22T14:21:11 EST" duration-ms="23888" status="PASS">
          <params>
            <param index="0">
              <value>
                <![CDATA[Chrome]]>
              </value>
            </param>
          </params>
          <reporter-output>
          </reporter-output>
        </test-method> <!-- setup -->
        <test-method signature="loginTest()[pri:0, instance:com.netbanktest.testcases.TC1_Loginpage_Test@6253c26]" started-at="2023-02-22T14:21:11 EST" name="loginTest" finished-at="2023-02-22T14:21:30 EST" duration-ms="18501" status="PASS">
          <reporter-output>
          </reporter-output>
        </test-method> <!-- loginTest -->
        <test-method is-config="true" signature="teardown()[pri:0, instance:com.netbanktest.testcases.TC1_Loginpage_Test@6253c26]" started-at="2023-02-22T14:21:30 EST" name="teardown" finished-at="2023-02-22T14:21:32 EST" duration-ms="2057" status="PASS">
          <reporter-output>
          </reporter-output>
        </test-method> <!-- teardown -->
      </class> <!-- com.netbanktest.testcases.TC1_Loginpage_Test -->
    </test> <!-- Login Test2 -->
  </suite> <!-- netBanking Suite -->
</testng-results>
